Assembler report for y_enhance
Tue Jan 14 19:23:30 2020
Quartus Prime Version 16.0.0 Build 211 04/27/2016 SJ Standard Edition


---------------------
; Table of Contents ;
---------------------
  1. Legal Notice
  2. Assembler Summary
  3. Assembler Settings
  4. Assembler Generated Files
  5. Assembler Device Options: F:/Mars/Course Design/Current Project/y_enhance_quartus/output_files/y_enhance.sof
  6. Assembler Messages



----------------
; Legal Notice ;
----------------
Copyright (C) 1991-2016 Altera Corporation. All rights reserved.
Your use of Altera Corporation's design tools, logic functions 
and other software and tools, and its AMPP partner logic 
functions, and any output files from any of the foregoing 
(including device programming or simulation files), and any 
associated documentation or information are expressly subject 
to the terms and conditions of the Altera Program License 
Subscription Agreement, the Altera Quartus Prime License Agreement,
the Altera MegaCore Function License Agreement, or other 
applicable license agreement, including, without limitation, 
that your use is for the sole purpose of programming logic 
devices manufactured by Altera and sold by Altera or its 
authorized distributors.  Please refer to the applicable 
agreement for further details.



+---------------------------------------------------------------+
; Assembler Summary                                             ;
+-----------------------+---------------------------------------+
; Assembler Status      ; Successful - Tue Jan 14 19:23:30 2020 ;
; Revision Name         ; y_enhance                             ;
; Top-level Entity Name ; y_enhance_top                         ;
; Family                ; Cyclone IV E                          ;
; Device                ; EP4CE6E22I8L                          ;
+-----------------------+---------------------------------------+


+----------------------------------+
; Assembler Settings               ;
+--------+---------+---------------+
; Option ; Setting ; Default Value ;
+--------+---------+---------------+


+------------------------------------------------------------------------------------+
; Assembler Generated Files                                                          ;
+------------------------------------------------------------------------------------+
; File Name                                                                          ;
+------------------------------------------------------------------------------------+
; F:/Mars/Course Design/Current Project/y_enhance_quartus/output_files/y_enhance.sof ;
+------------------------------------------------------------------------------------+


+--------------------------------------------------------------------------------------------------------------+
; Assembler Device Options: F:/Mars/Course Design/Current Project/y_enhance_quartus/output_files/y_enhance.sof ;
+----------------+---------------------------------------------------------------------------------------------+
; Option         ; Setting                                                                                     ;
+----------------+---------------------------------------------------------------------------------------------+
; Device         ; EP4CE6E22I8L                                                                                ;
; JTAG usercode  ; 0x000D0BF7                                                                                  ;
; Checksum       ; 0x000D0BF7                                                                                  ;
+----------------+---------------------------------------------------------------------------------------------+


+--------------------+
; Assembler Messages ;
+--------------------+
Info: *******************************************************************
Info: Running Quartus Prime Assembler
    Info: Version 16.0.0 Build 211 04/27/2016 SJ Standard Edition
    Info: Processing started: Tue Jan 14 19:23:29 2020
Info: Command: quartus_asm --read_settings_files=off --write_settings_files=off y_enhance -c y_enhance
Warning (18236): Number of processors has not been specified which may cause overloading on shared machines.  Set the global assignment NUM_PARALLEL_PROCESSORS in your QSF to an appropriate value for best performance.
Info (115031): Writing out detailed assembly data for power analysis
Info (115030): Assembler is generating device programming files
Info: Quartus Prime Assembler was successful. 0 errors, 1 warning
    Info: Peak virtual memory: 4887 megabytes
    Info: Processing ended: Tue Jan 14 19:23:30 2020
    Info: Elapsed time: 00:00:01
    Info: Total CPU time (on all processors): 00:00:01


